# JRE version: OpenJDK Runtime Environment OpenLogic-OpenJDK (17.0.12+7) (build 17.0.12+7-adhoc..jdk17u)
# Java VM: OpenJDK 64-Bit Server VM OpenLogic-OpenJDK (17.0.12+7-adhoc..jdk17u, mixed mode, sharing, tiered, compressed oops, compressed class ptrs, g1 gc, windows-amd64)
GC Precious Log:
 CPUs: 12 total, 12 available
 Memory: 7501M
 Large Page Support: Disabled
 NUMA Support: Disabled
 Compressed Oops: Enabled (32-bit)
 Heap Region Size: 1M
 Heap Min Capacity: 8M
 Heap Initial Capacity: 118M
 Heap Max Capacity: 2G
 Pre-touch: Disabled
 Parallel Workers: 10
 Concurrent Workers: 3
 Concurrent Refinement Workers: 10
 Periodic GC: Disabled
Heap:
 garbage-first heap   total 264192K, used 202634K [0x0000000080000000, 0x0000000100000000)
  region size 1024K, 58 young (59392K), 5 survivors (5120K)
 Metaspace       used 104699K, committed 105664K, reserved 557056K
  class space    used 14594K, committed 15040K, reserved 425984K
GC Heap History (20 events):
Event: 61.588 GC heap before
{Heap before GC invocations=32 (full 0):
 garbage-first heap   total 132096K, used 104767K [0x0000000080000000, 0x0000000100000000)
  region size 1024K, 36 young (36864K), 1 survivors (1024K)
 Metaspace       used 71749K, committed 72448K, reserved 491520K
  class space    used 10012K, committed 10368K, reserved 425984K
}
Event: 61.593 GC heap after
{Heap after GC invocations=33 (full 0):
 garbage-first heap   total 132096K, used 71314K [0x0000000080000000, 0x0000000100000000)
  region size 1024K, 4 young (4096K), 4 survivors (4096K)
 Metaspace       used 71749K, committed 72448K, reserved 491520K
  class space    used 10012K, committed 10368K, reserved 425984K
}
Event: 62.858 GC heap before
{Heap before GC invocations=34 (full 0):
 garbage-first heap   total 132096K, used 106130K [0x0000000080000000, 0x0000000100000000)
  region size 1024K, 38 young (38912K), 4 survivors (4096K)
 Metaspace       used 73998K, committed 74688K, reserved 491520K
  class space    used 10447K, committed 10752K, reserved 425984K
}
Event: 62.868 GC heap after
{Heap after GC invocations=35 (full 0):
 garbage-first heap   total 132096K, used 73630K [0x0000000080000000, 0x0000000100000000)
  region size 1024K, 3 young (3072K), 3 survivors (3072K)
 Metaspace       used 73998K, committed 74688K, reserved 491520K
  class space    used 10447K, committed 10752K, reserved 425984K
}
Event: 62.965 GC heap before
{Heap before GC invocations=35 (full 0):
 garbage-first heap   total 132096K, used 75678K [0x0000000080000000, 0x0000000100000000)
  region size 1024K, 6 young (6144K), 3 survivors (3072K)
 Metaspace       used 74069K, committed 74816K, reserved 491520K
  class space    used 10453K, committed 10752K, reserved 425984K
}
Event: 62.972 GC heap after
{Heap after GC invocations=36 (full 0):
 garbage-first heap   total 132096K, used 73629K [0x0000000080000000, 0x0000000100000000)
  region size 1024K, 1 young (1024K), 1 survivors (1024K)
 Metaspace       used 74069K, committed 74816K, reserved 491520K
  class space    used 10453K, committed 10752K, reserved 425984K
}
Event: 63.429 GC heap before
{Heap before GC invocations=36 (full 0):
 garbage-first heap   total 132096K, used 94109K [0x0000000080000000, 0x0000000100000000)
  region size 1024K, 23 young (23552K), 1 survivors (1024K)
 Metaspace       used 74271K, committed 75008K, reserved 491520K
  class space    used 10464K, committed 10816K, reserved 425984K
}
Event: 63.434 GC heap after
{Heap after GC invocations=37 (full 0):
 garbage-first heap   total 264192K, used 74210K [0x0000000080000000, 0x0000000100000000)
  region size 1024K, 2 young (2048K), 2 survivors (2048K)
 Metaspace       used 74271K, committed 75008K, reserved 491520K
  class space    used 10464K, committed 10816K, reserved 425984K
}
Event: 66.373 GC heap before
{Heap before GC invocations=37 (full 0):
 garbage-first heap   total 264192K, used 208354K [0x0000000080000000, 0x0000000100000000)
  region size 1024K, 122 young (124928K), 2 survivors (2048K)
 Metaspace       used 82203K, committed 83008K, reserved 557056K
  class space    used 11403K, committed 11776K, reserved 425984K
}
Event: 66.385 GC heap after
{Heap after GC invocations=38 (full 0):
 garbage-first heap   total 264192K, used 92077K [0x0000000080000000, 0x0000000100000000)
  region size 1024K, 14 young (14336K), 14 survivors (14336K)
 Metaspace       used 82203K, committed 83008K, reserved 557056K
  class space    used 11403K, committed 11776K, reserved 425984K
}
Event: 68.651 GC heap before
{Heap before GC invocations=38 (full 0):
 garbage-first heap   total 264192K, used 205741K [0x0000000080000000, 0x0000000100000000)
  region size 1024K, 125 young (128000K), 14 survivors (14336K)
 Metaspace       used 88664K, committed 89472K, reserved 557056K
  class space    used 12287K, committed 12672K, reserved 425984K
}
Event: 68.668 GC heap after
{Heap after GC invocations=39 (full 0):
 garbage-first heap   total 264192K, used 97698K [0x0000000080000000, 0x0000000100000000)
  region size 1024K, 6 young (6144K), 6 survivors (6144K)
 Metaspace       used 88664K, committed 89472K, reserved 557056K
  class space    used 12287K, committed 12672K, reserved 425984K
}
Event: 76.084 GC heap before
{Heap before GC invocations=39 (full 0):
 garbage-first heap   total 264192K, used 210338K [0x0000000080000000, 0x0000000100000000)
  region size 1024K, 116 young (118784K), 6 survivors (6144K)
 Metaspace       used 95294K, committed 96128K, reserved 557056K
  class space    used 13356K, committed 13760K, reserved 425984K
}
Event: 76.094 GC heap after
{Heap after GC invocations=40 (full 0):
 garbage-first heap   total 264192K, used 102280K [0x0000000080000000, 0x0000000100000000)
  region size 1024K, 11 young (11264K), 11 survivors (11264K)
 Metaspace       used 95294K, committed 96128K, reserved 557056K
  class space    used 13356K, committed 13760K, reserved 425984K
}
Event: 78.907 GC heap before
{Heap before GC invocations=40 (full 0):
 garbage-first heap   total 264192K, used 216968K [0x0000000080000000, 0x0000000100000000)
  region size 1024K, 120 young (122880K), 11 survivors (11264K)
 Metaspace       used 99648K, committed 100608K, reserved 557056K
  class space    used 13972K, committed 14400K, reserved 425984K
}
Event: 78.928 GC heap after
{Heap after GC invocations=41 (full 0):
 garbage-first heap   total 264192K, used 120147K [0x0000000080000000, 0x0000000100000000)
  region size 1024K, 15 young (15360K), 15 survivors (15360K)
 Metaspace       used 99648K, committed 100608K, reserved 557056K
  class space    used 13972K, committed 14400K, reserved 425984K
}
Event: 81.441 GC heap before
{Heap before GC invocations=41 (full 0):
 garbage-first heap   total 264192K, used 215379K [0x0000000080000000, 0x0000000100000000)
  region size 1024K, 105 young (107520K), 15 survivors (15360K)
 Metaspace       used 100834K, committed 101760K, reserved 557056K
  class space    used 14088K, committed 14528K, reserved 425984K
}
Event: 81.468 GC heap after
{Heap after GC invocations=42 (full 0):
 garbage-first heap   total 264192K, used 140833K [0x0000000080000000, 0x0000000100000000)
  region size 1024K, 14 young (14336K), 14 survivors (14336K)
 Metaspace       used 100834K, committed 101760K, reserved 557056K
  class space    used 14088K, committed 14528K, reserved 425984K
}
Event: 82.938 GC heap before
{Heap before GC invocations=42 (full 0):
 garbage-first heap   total 264192K, used 184865K [0x0000000080000000, 0x0000000100000000)
  region size 1024K, 58 young (59392K), 14 survivors (14336K)
 Metaspace       used 102277K, committed 103296K, reserved 557056K
  class space    used 14236K, committed 14720K, reserved 425984K
}
Event: 82.951 GC heap after
{Heap after GC invocations=43 (full 0):
 garbage-first heap   total 264192K, used 147338K [0x0000000080000000, 0x0000000100000000)
  region size 1024K, 5 young (5120K), 5 survivors (5120K)
 Metaspace       used 102277K, committed 103296K, reserved 557056K
  class space    used 14236K, committed 14720K, reserved 425984K
}

